root - INFO - Added new item to cart.
NoneType: None
root - INFO - Products display.
NoneType: None
root - INFO - Products display.
NoneType: None
root - INFO - Menu selection.
NoneType: None
root - INFO - Products display.
NoneType: None
root - INFO - Menu selection.
NoneType: None
root - INFO - Cart display.
NoneType: None
root - INFO - Menu selection.
NoneType: None
root - INFO - Menu selection.
NoneType: None
root - INFO - Product added.
NoneType: None
root - INFO - Added new item to cart.
NoneType: None
root - INFO - Menu selection.
NoneType: None
root - INFO - Product added.
NoneType: None
root - INFO - Added new item to cart.
NoneType: None
root - INFO - Menu selection.
NoneType: None
root - INFO - Cart display.
NoneType: None
root - INFO - Menu selection.
NoneType: None
